INFO: [VRFC 10-163] Analyzing VHDL file "C:/Users/Max/Documents/Elektrotechnik/dis-2014-2015/DIS_Seminar/Project/JTAG_IF/src/serializer.vhd" into library xil_defaultlib
INFO: [VRFC 10-307] analyzing entity serializer
INFO: [VRFC 10-163] Analyzing VHDL file "C:/Users/Max/Documents/Elektrotechnik/dis-2014-2015/DIS_Seminar/Project/JTAG_IF/src/deserializer.vhd" into library xil_defaultlib
INFO: [VRFC 10-307] analyzing entity deserializer
INFO: [VRFC 10-163] Analyzing VHDL file "C:/Users/Max/Documents/Elektrotechnik/dis-2014-2015/DIS_Seminar/Project/JTAG_IF/src/timer.vhd" into library xil_defaultlib
INFO: [VRFC 10-307] analyzing entity timer
INFO: [VRFC 10-163] Analyzing VHDL file "C:/Users/Max/Documents/Elektrotechnik/dis-2014-2015/DIS_Seminar/Project/JTAG_IF/src/if_in.vhd" into library xil_defaultlib
INFO: [VRFC 10-307] analyzing entity if_in
INFO: [VRFC 10-163] Analyzing VHDL file "C:/Users/Max/Documents/Elektrotechnik/dis-2014-2015/DIS_Seminar/Project/JTAG_IF/src/if_out.vhd" into library xil_defaultlib
INFO: [VRFC 10-307] analyzing entity if_out
INFO: [VRFC 10-163] Analyzing VHDL file "C:/Users/Max/Documents/Elektrotechnik/dis-2014-2015/DIS_Seminar/Project/JTAG_IF/src/fifo.vhd" into library xil_defaultlib
INFO: [VRFC 10-307] analyzing entity fifo
INFO: [VRFC 10-163] Analyzing VHDL file "C:/Users/Max/Documents/Elektrotechnik/dis-2014-2015/DIS_Seminar/Project/JTAG_IF/src/jtag_if_top.vhd" into library xil_defaultlib
INFO: [VRFC 10-307] analyzing entity jtag_if
INFO: [VRFC 10-163] Analyzing VHDL file "C:/Users/Max/Documents/Elektrotechnik/dis-2014-2015/DIS_Seminar/Project/JTAG_IF/sim/tb_serializer.vhd" into library xil_defaultlib
INFO: [VRFC 10-307] analyzing entity tb_serializer
INFO: [VRFC 10-163] Analyzing VHDL file "C:/Users/Max/Documents/Elektrotechnik/dis-2014-2015/DIS_Seminar/Project/JTAG_IF/sim/tb_deserializer.vhd" into library xil_defaultlib
INFO: [VRFC 10-307] analyzing entity tb_deserializer
INFO: [VRFC 10-163] Analyzing VHDL file "C:/Users/Max/Documents/Elektrotechnik/dis-2014-2015/DIS_Seminar/Project/JTAG_IF/sim/tb_timer.vhd" into library xil_defaultlib
INFO: [VRFC 10-307] analyzing entity tb_timer
INFO: [VRFC 10-163] Analyzing VHDL file "C:/Users/Max/Documents/Elektrotechnik/dis-2014-2015/DIS_Seminar/Project/JTAG_IF/sim/tb_if_out.vhd" into library xil_defaultlib
INFO: [VRFC 10-307] analyzing entity tb_if_out
INFO: [VRFC 10-163] Analyzing VHDL file "C:/Users/Max/Documents/Elektrotechnik/dis-2014-2015/DIS_Seminar/Project/JTAG_IF/sim/tb_top_out.vhd" into library xil_defaultlib
INFO: [VRFC 10-307] analyzing entity tb_top
